<?xml version="1.0" encoding="UTF-8"?>
<robot generator="Robot 7.3.1 (Python 3.13.5 on darwin)" generated="2025-06-22T14:24:21.637442" rpa="false" schemaversion="5">
<suite id="s1" name="Transfers Suite" source="/Users/irinadragalova/Desktop/robot/tests/transfers_suite.robot">
<kw name="Launch App And Login Page" owner="SecureBankApp" type="SETUP">
<kw name="Open Browser" owner="SeleniumLibrary">
<msg time="2025-06-22T14:24:21.729447" level="INFO">Opening browser 'Chrome' to base url 'https://qualista.tech/test-mb3/'.</msg>
<arg>${URL}</arg>
<arg>${BROWSER}</arg>
<doc>Opens a new browser instance to the optional ``url``.</doc>
<status status="PASS" start="2025-06-22T14:24:21.729291" elapsed="1.466450"/>
</kw>
<kw name="Maximize Browser Window" owner="SeleniumLibrary">
<doc>Maximizes current browser window.</doc>
<status status="PASS" start="2025-06-22T14:24:23.196370" elapsed="0.338747"/>
</kw>
<kw name="Wait Until Element Is Visible" owner="SeleniumLibrary">
<arg>${SIGN_IN_BUTTON}</arg>
<arg>5s</arg>
<doc>Waits until the element ``locator`` is visible.</doc>
<status status="PASS" start="2025-06-22T14:24:23.536335" elapsed="0.014680"/>
</kw>
<kw name="Click Element" owner="SeleniumLibrary">
<msg time="2025-06-22T14:24:23.551403" level="INFO">Clicking element 'xpath=//button[normalize-space()='Sign In']'.</msg>
<arg>${SIGN_IN_BUTTON}</arg>
<doc>Click the element identified by ``locator``.</doc>
<status status="PASS" start="2025-06-22T14:24:23.551185" elapsed="0.030245"/>
</kw>
<kw name="Wait Until Element Is Visible" owner="SeleniumLibrary">
<arg>${EMAIL_INPUT}</arg>
<arg>5s</arg>
<doc>Waits until the element ``locator`` is visible.</doc>
<status status="PASS" start="2025-06-22T14:24:23.581936" elapsed="0.013051"/>
</kw>
<status status="PASS" start="2025-06-22T14:24:21.728949" elapsed="1.866177"/>
</kw>
<test id="s1-t1" name="Transfer With Insufficient Funds" line="23">
<kw name="Login As Valid User" owner="SecureBankApp">
<kw name="Input Text" owner="SeleniumLibrary">
<msg time="2025-06-22T14:24:23.596606" level="INFO">Typing text 'demo@qualista.tech' into text field '//input[@id='signin-email']'.</msg>
<arg>${EMAIL_INPUT}</arg>
<arg>${VALID_USER}</arg>
<doc>Types the given ``text`` into the text field identified by ``locator``.</doc>
<status status="PASS" start="2025-06-22T14:24:23.596452" elapsed="0.141583"/>
</kw>
<kw name="Input Text" owner="SeleniumLibrary">
<msg time="2025-06-22T14:24:23.738450" level="INFO">Typing text 'password123' into text field '//input[@id='signin-password']'.</msg>
<arg>${PASS_INPUT}</arg>
<arg>${VALID_PASS}</arg>
<doc>Types the given ``text`` into the text field identified by ``locator``.</doc>
<status status="PASS" start="2025-06-22T14:24:23.738226" elapsed="0.049616"/>
</kw>
<kw name="Click Element" owner="SeleniumLibrary">
<msg time="2025-06-22T14:24:23.788579" level="INFO">Clicking element '//button[@type='submit']'.</msg>
<arg>${LOGIN_BTN}</arg>
<doc>Click the element identified by ``locator``.</doc>
<status status="PASS" start="2025-06-22T14:24:23.788114" elapsed="0.039960"/>
</kw>
<kw name="Wait Until Page Contains" owner="SeleniumLibrary">
<arg>${WELCOME_MESSAGE}</arg>
<arg>5s</arg>
<doc>Waits until ``text`` appears on the current page.</doc>
<status status="PASS" start="2025-06-22T14:24:23.828334" elapsed="0.007066"/>
</kw>
<kw name="Wait Until Page Contains" owner="SeleniumLibrary">
<arg>${WELCOME_TEXT}</arg>
<arg>5s</arg>
<doc>Waits until ``text`` appears on the current page.</doc>
<status status="PASS" start="2025-06-22T14:24:23.835566" elapsed="0.010628"/>
</kw>
<kw name="Element Text Should Be" owner="SeleniumLibrary">
<msg time="2025-06-22T14:24:23.846517" level="INFO">Verifying element 'xpath=//div[@id='main-content']//h2' contains exact text 'Welcome back, John'.</msg>
<arg>xpath=//div[@id='main-content']//h2</arg>
<arg>${WELCOME_MESSAGE}</arg>
<doc>Verifies that element ``locator`` contains exact the text ``expected``.</doc>
<status status="PASS" start="2025-06-22T14:24:23.846324" elapsed="0.010542"/>
</kw>
<kw name="Element Text Should Be" owner="SeleniumLibrary">
<msg time="2025-06-22T14:24:23.857349" level="INFO">Verifying element 'xpath=//div[@id='main-content']//p' contains exact text 'Here's what's happening with your accounts today.'.</msg>
<arg>xpath=//div[@id='main-content']//p</arg>
<arg>${WELCOME_TEXT}</arg>
<doc>Verifies that element ``locator`` contains exact the text ``expected``.</doc>
<status status="PASS" start="2025-06-22T14:24:23.857128" elapsed="0.009291"/>
</kw>
<status status="PASS" start="2025-06-22T14:24:23.595864" elapsed="0.270673"/>
</kw>
<kw name="Send Money" owner="TransferPage">
<kw name="Click Element" owner="SeleniumLibrary">
<msg time="2025-06-22T14:24:23.867301" level="INFO">Clicking element 'xpath=//nav//button[normalize-space(.)='Transfer']'.</msg>
<arg>${SEND_MONEY_LINK}</arg>
<doc>Click the element identified by ``locator``.</doc>
<status status="PASS" start="2025-06-22T14:24:23.867163" elapsed="0.024545"/>
</kw>
<kw name="Wait Until Element Is Visible" owner="SeleniumLibrary">
<arg>id=recipient-email</arg>
<arg>5s</arg>
<doc>Waits until the element ``locator`` is visible.</doc>
<status status="PASS" start="2025-06-22T14:24:23.891880" elapsed="0.007465"/>
</kw>
<kw name="Click Element" owner="SeleniumLibrary">
<msg time="2025-06-22T14:24:23.899611" level="INFO">Clicking element 'id=recipient-email'.</msg>
<arg>id=recipient-email</arg>
<doc>Click the element identified by ``locator``.</doc>
<status status="PASS" start="2025-06-22T14:24:23.899480" elapsed="0.024803"/>
</kw>
<kw name="Input Text" owner="SeleniumLibrary">
<msg time="2025-06-22T14:24:23.924595" level="INFO">Typing text 'test@example.com' into text field 'id=recipient-email'.</msg>
<arg>id=recipient-email</arg>
<arg>${email}</arg>
<doc>Types the given ``text`` into the text field identified by ``locator``.</doc>
<status status="PASS" start="2025-06-22T14:24:23.924417" elapsed="0.032698"/>
</kw>
<kw name="Click Element" owner="SeleniumLibrary">
<msg time="2025-06-22T14:24:23.957425" level="INFO">Clicking element 'id=recipient-iban'.</msg>
<arg>id=recipient-iban</arg>
<doc>Click the element identified by ``locator``.</doc>
<status status="PASS" start="2025-06-22T14:24:23.957269" elapsed="0.026531"/>
</kw>
<kw name="Input Text" owner="SeleniumLibrary">
<msg time="2025-06-22T14:24:23.984120" level="INFO">Typing text 'DE12345678901234567890' into text field 'id=recipient-iban'.</msg>
<arg>id=recipient-iban</arg>
<arg>${iban}</arg>
<doc>Types the given ``text`` into the text field identified by ``locator``.</doc>
<status status="PASS" start="2025-06-22T14:24:23.983947" elapsed="0.022973"/>
</kw>
<kw name="Click Element" owner="SeleniumLibrary">
<msg time="2025-06-22T14:24:24.007199" level="INFO">Clicking element 'id=transfer-amount'.</msg>
<arg>id=transfer-amount</arg>
<doc>Click the element identified by ``locator``.</doc>
<status status="PASS" start="2025-06-22T14:24:24.007061" elapsed="0.024867"/>
</kw>
<kw name="Input Text" owner="SeleniumLibrary">
<msg time="2025-06-22T14:24:24.032382" level="INFO">Typing text '999999' into text field 'id=transfer-amount'.</msg>
<arg>id=transfer-amount</arg>
<arg>${amount}</arg>
<doc>Types the given ``text`` into the text field identified by ``locator``.</doc>
<status status="PASS" start="2025-06-22T14:24:24.032117" elapsed="0.028188"/>
</kw>
<kw name="Click Element" owner="SeleniumLibrary">
<msg time="2025-06-22T14:24:24.060584" level="INFO">Clicking element 'id=transfer-note'.</msg>
<arg>id=transfer-note</arg>
<doc>Click the element identified by ``locator``.</doc>
<status status="PASS" start="2025-06-22T14:24:24.060446" elapsed="0.030548"/>
</kw>
<kw name="Input Text" owner="SeleniumLibrary">
<msg time="2025-06-22T14:24:24.091339" level="INFO">Typing text 'Pizza party' into text field 'id=transfer-note'.</msg>
<arg>id=transfer-note</arg>
<arg>${note}</arg>
<doc>Types the given ``text`` into the text field identified by ``locator``.</doc>
<status status="PASS" start="2025-06-22T14:24:24.091151" elapsed="0.021993"/>
</kw>
<kw name="Click Button" owner="SeleniumLibrary">
<msg time="2025-06-22T14:24:24.113442" level="INFO">Clicking button 'xpath=//button[@onclick='sendMoney()']'.</msg>
<arg>xpath=//button[@onclick='sendMoney()']</arg>
<doc>Clicks the button identified by ``locator``.</doc>
<status status="PASS" start="2025-06-22T14:24:24.113286" elapsed="0.041579"/>
</kw>
<arg>${RECIPIENT_EMAIL}</arg>
<arg>${RECIPIENT_IBAN}</arg>
<arg>${LARGE_AMOUNT}</arg>
<arg>${REASON}</arg>
<status status="PASS" start="2025-06-22T14:24:23.866819" elapsed="0.288179"/>
</kw>
<kw name="Page Should Contain" owner="SeleniumLibrary">
<msg time="2025-06-22T14:24:24.297971" level="INFO" html="true">&lt;/td&gt;&lt;/tr&gt;&lt;tr&gt;&lt;td colspan="3"&gt;&lt;a href="selenium-screenshot-67.png"&gt;&lt;img src="selenium-screenshot-67.png" width="800px"&gt;&lt;/a&gt;</msg>
<msg time="2025-06-22T14:24:24.298325" level="FAIL">Page should have contained text 'Insufficient funds' but did not.</msg>
<arg>Insufficient funds</arg>
<doc>Verifies that current page contains ``text``.</doc>
<status status="FAIL" start="2025-06-22T14:24:24.155412" elapsed="0.151138">Page should have contained text 'Insufficient funds' but did not.</status>
</kw>
<status status="FAIL" start="2025-06-22T14:24:23.595233" elapsed="0.711569">Page should have contained text 'Insufficient funds' but did not.</status>
</test>
<kw name="Close Browser" owner="SeleniumLibrary" type="TEARDOWN">
<doc>Closes the current browser.</doc>
<status status="PASS" start="2025-06-22T14:24:24.308925" elapsed="0.079954"/>
</kw>
<status status="FAIL" start="2025-06-22T14:24:21.639151" elapsed="2.749908"/>
</suite>
<statistics>
<total>
<stat pass="0" fail="1" skip="0">All Tests</stat>
</total>
<tag>
</tag>
<suite>
<stat name="Transfers Suite" id="s1" pass="0" fail="1" skip="0">Transfers Suite</stat>
</suite>
</statistics>
<errors>
</errors>
</robot>
